DEBUG:2023-03-14 04:27:04,086:root:Read data: 
 [{'id': 0, 'x': 0, 'y': 0}, {'id': 1001, 'x': 30.100101, 'y': 40.100101}, {'id': 1002, 'x': 55.100201, 'y': 80.100201}, {'id': 1003, 'x': 35.100201, 'y': 80.100201}, {'id': 1004, 'x': 14.100201, 'y': 80.100201}, {'id': 1005, 'x': 0.100301, 'y': 0.100301}, {'id': 1006, 'x': 100.100101, 'y': 13.100101}, {'id': 1007, 'x': 27.100201, 'y': 100.100201}]
DEBUG:2023-03-14 04:27:04,088:root:Made array: 
 [[   0.         1001.         1002.         1003.         1004.
  1005.         1006.         1007.        ]
 [1001.                   inf   47.17004346   40.31140037   43.08137417
    49.99972      75.02666193   60.07504807]
 [1002.           47.17004346           inf   20.           41.
    97.08230014   80.70938235   34.40930107]
 [1003.           40.31140037   20.                   inf   21.
    87.32111429   93.34881038   21.54065923]
 [1004.           43.08137417   41.           21.                   inf
    81.21564628  109.01832965   23.85372088]
 [1005.           49.99972      97.08230014   87.32111429   81.21564628
            inf  100.84123561  103.58076366]
 [1006.           75.02666193   80.70938235   93.34881038  109.01832965
   100.84123561           inf  113.56937439]
 [1007.           60.07504807   34.40930107   21.54065923   23.85372088
   103.58076366  113.56937439           inf]]
DEBUG:2023-03-14 04:27:04,096:root:Formed sequence: 
 [1001, 1004, 1007, 1007, 1003, 1002, 1006, 1005, 1001]
DEBUG:2023-03-14 04:28:10,154:root:Read data: 
 [{'id': 0, 'x': 0, 'y': 0}, {'id': 1001, 'x': 30.100101, 'y': 40.100101}, {'id': 1002, 'x': 55.100201, 'y': 80.100201}, {'id': 1003, 'x': 35.100201, 'y': 80.100201}, {'id': 1004, 'x': 14.100201, 'y': 80.100201}, {'id': 1005, 'x': 0.100301, 'y': 0.100301}, {'id': 1006, 'x': 100.100101, 'y': 13.100101}, {'id': 1007, 'x': 27.100201, 'y': 100.100201}] 

DEBUG:2023-03-14 04:28:10,155:root:Made array: 
 [[   0.         1001.         1002.         1003.         1004.
  1005.         1006.         1007.        ]
 [1001.                   inf   47.17004346   40.31140037   43.08137417
    49.99972      75.02666193   60.07504807]
 [1002.           47.17004346           inf   20.           41.
    97.08230014   80.70938235   34.40930107]
 [1003.           40.31140037   20.                   inf   21.
    87.32111429   93.34881038   21.54065923]
 [1004.           43.08137417   41.           21.                   inf
    81.21564628  109.01832965   23.85372088]
 [1005.           49.99972      97.08230014   87.32111429   81.21564628
            inf  100.84123561  103.58076366]
 [1006.           75.02666193   80.70938235   93.34881038  109.01832965
   100.84123561           inf  113.56937439]
 [1007.           60.07504807   34.40930107   21.54065923   23.85372088
   103.58076366  113.56937439           inf]] 

DEBUG:2023-03-14 04:28:10,163:root:Formed sequence: 
 [1001, 1004, 1007, 1007, 1003, 1002, 1006, 1005, 1001] 

DEBUG:2023-03-14 04:37:41,348:root:Read data: 
 [{'id': 0, 'x': 0, 'y': 0}, {'id': 1001, 'x': 30.100101, 'y': 40.100101}, {'id': 1002, 'x': 55.100201, 'y': 80.100201}, {'id': 1003, 'x': 35.100201, 'y': 80.100201}, {'id': 1004, 'x': 14.100201, 'y': 80.100201}, {'id': 1005, 'x': 0.100301, 'y': 0.100301}, {'id': 1006, 'x': 100.100101, 'y': 13.100101}, {'id': 1007, 'x': 27.100201, 'y': 100.100201}] 

DEBUG:2023-03-14 04:37:41,349:root:Made array: 
 [[   0.         1001.         1002.         1003.         1004.
  1005.         1006.         1007.        ]
 [1001.                   inf   47.17004346   40.31140037   43.08137417
    49.99972      75.02666193   60.07504807]
 [1002.           47.17004346           inf   20.           41.
    97.08230014   80.70938235   34.40930107]
 [1003.           40.31140037   20.                   inf   21.
    87.32111429   93.34881038   21.54065923]
 [1004.           43.08137417   41.           21.                   inf
    81.21564628  109.01832965   23.85372088]
 [1005.           49.99972      97.08230014   87.32111429   81.21564628
            inf  100.84123561  103.58076366]
 [1006.           75.02666193   80.70938235   93.34881038  109.01832965
   100.84123561           inf  113.56937439]
 [1007.           60.07504807   34.40930107   21.54065923   23.85372088
   103.58076366  113.56937439           inf]] 

DEBUG:2023-03-14 04:37:41,356:root:Formed sequence: 
 [1001, 1004, 1007, 1007, 1003, 1002, 1006, 1005, 1001] 

INFO:2023-03-14 04:37:41,886:root:Updating track.png
DEBUG:2023-03-14 04:46:47,413:root:Read data: 
 [{'id': 0, 'x': 0, 'y': 0}, {'id': 1001, 'x': 30.100101, 'y': 40.100101}, {'id': 1002, 'x': 55.100201, 'y': 80.100201}, {'id': 1003, 'x': 35.100201, 'y': 80.100201}, {'id': 1004, 'x': 14.100201, 'y': 80.100201}, {'id': 1005, 'x': 0.100301, 'y': 0.100301}, {'id': 1006, 'x': 100.100101, 'y': 13.100101}, {'id': 1007, 'x': 27.100201, 'y': 100.100201}] 

DEBUG:2023-03-14 04:46:47,415:root:Made array: 
 [[   0.         1001.         1002.         1003.         1004.
  1005.         1006.         1007.        ]
 [1001.                   inf   47.17004346   40.31140037   43.08137417
    49.99972      75.02666193   60.07504807]
 [1002.           47.17004346           inf   20.           41.
    97.08230014   80.70938235   34.40930107]
 [1003.           40.31140037   20.                   inf   21.
    87.32111429   93.34881038   21.54065923]
 [1004.           43.08137417   41.           21.                   inf
    81.21564628  109.01832965   23.85372088]
 [1005.           49.99972      97.08230014   87.32111429   81.21564628
            inf  100.84123561  103.58076366]
 [1006.           75.02666193   80.70938235   93.34881038  109.01832965
   100.84123561           inf  113.56937439]
 [1007.           60.07504807   34.40930107   21.54065923   23.85372088
   103.58076366  113.56937439           inf]] 

DEBUG:2023-03-14 04:46:47,421:root:Formed sequence: 
 [1001, 1004, 1007, 1007, 1003, 1002, 1006, 1005, 1001] 

DEBUG:2023-03-14 04:50:49,825:root:Read data: 
 [{'id': 0, 'x': 0, 'y': 0}, {'id': 1001, 'x': 30.100101, 'y': 40.100101}, {'id': 1002, 'x': 55.100201, 'y': 80.100201}, {'id': 1003, 'x': 35.100201, 'y': 80.100201}, {'id': 1004, 'x': 14.100201, 'y': 80.100201}, {'id': 1005, 'x': 0.100301, 'y': 0.100301}, {'id': 1006, 'x': 100.100101, 'y': 13.100101}, {'id': 1007, 'x': 27.100201, 'y': 100.100201}] 

DEBUG:2023-03-14 04:50:49,826:root:Made array: 
 [[   0.         1001.         1002.         1003.         1004.
  1005.         1006.         1007.        ]
 [1001.                   inf   47.17004346   40.31140037   43.08137417
    49.99972      75.02666193   60.07504807]
 [1002.           47.17004346           inf   20.           41.
    97.08230014   80.70938235   34.40930107]
 [1003.           40.31140037   20.                   inf   21.
    87.32111429   93.34881038   21.54065923]
 [1004.           43.08137417   41.           21.                   inf
    81.21564628  109.01832965   23.85372088]
 [1005.           49.99972      97.08230014   87.32111429   81.21564628
            inf  100.84123561  103.58076366]
 [1006.           75.02666193   80.70938235   93.34881038  109.01832965
   100.84123561           inf  113.56937439]
 [1007.           60.07504807   34.40930107   21.54065923   23.85372088
   103.58076366  113.56937439           inf]] 

DEBUG:2023-03-14 04:50:49,837:root:Formed sequence: 
 [1001, 1004, 1007, 1007, 1003, 1002, 1006, 1005, 1001] 

INFO:2023-03-14 04:50:50,377:root:Updating track.png
INFO:2023-03-14 04:51:28,192:root:Updating track.png
INFO:2023-03-15 05:12:25,463:root:Updating track.png
INFO:2023-03-15 05:22:15,021:root:Updating track.png
INFO:2023-03-15 05:23:26,921:root:Updating track.png
